0 info it worked if it ends with ok
1 verbose cli [ '/usr/local/Cellar/node@6/6.9.1/bin/node',
1 verbose cli   '/usr/local/bin/npm',
1 verbose cli   'publish' ]
2 info using npm@3.10.8
3 info using node@v6.9.1
4 verbose publish [ '.' ]
5 silly cache add args [ '.', null ]
6 verbose cache add spec .
7 silly cache add parsed spec Result {
7 silly cache add   raw: '.',
7 silly cache add   scope: null,
7 silly cache add   escapedName: null,
7 silly cache add   name: null,
7 silly cache add   rawSpec: '.',
7 silly cache add   spec: '/Users/tj/dev/nativescript/templates/nativescript-template-tutorial',
7 silly cache add   type: 'directory' }
8 verbose addLocalDirectory /Users/tj/.npm/nativescript-template-tutorial/0.1.1/package.tgz not in flight; packing
9 verbose correctMkdir /Users/tj/.npm correctMkdir not in flight; initializing
10 info lifecycle nativescript-template-tutorial@0.1.1~prepublish: nativescript-template-tutorial@0.1.1
11 silly lifecycle nativescript-template-tutorial@0.1.1~prepublish: no script for prepublish, continuing
12 verbose tar pack [ '/Users/tj/.npm/nativescript-template-tutorial/0.1.1/package.tgz',
12 verbose tar pack   '/Users/tj/dev/nativescript/templates/nativescript-template-tutorial' ]
13 verbose tarball /Users/tj/.npm/nativescript-template-tutorial/0.1.1/package.tgz
14 verbose folder /Users/tj/dev/nativescript/templates/nativescript-template-tutorial
15 verbose addLocalTarball adding from inside cache /Users/tj/.npm/nativescript-template-tutorial/0.1.1/package.tgz
16 verbose correctMkdir /Users/tj/.npm correctMkdir not in flight; initializing
17 silly cache afterAdd nativescript-template-tutorial@0.1.1
18 verbose afterAdd /Users/tj/.npm/nativescript-template-tutorial/0.1.1/package/package.json not in flight; writing
19 verbose correctMkdir /Users/tj/.npm correctMkdir not in flight; initializing
20 verbose afterAdd /Users/tj/.npm/nativescript-template-tutorial/0.1.1/package/package.json written
21 silly publish { name: 'nativescript-template-tutorial',
21 silly publish   version: '0.1.1',
21 silly publish   main: 'app.js',
21 silly publish   description: 'Template for starting the NativeScript Getting Started Tutorial',
21 silly publish   repository:
21 silly publish    { type: 'git',
21 silly publish      url: 'git+https://github.com/tjvantoll/nativescript-template-tutorial.git' },
21 silly publish   nativescript: { id: 'org.nativescript.tutorial' },
21 silly publish   dependencies:
21 silly publish    { 'nativescript-theme-core': '~1.0.2',
21 silly publish      'tns-core-modules': '2.5.0' },
21 silly publish   devDependencies: { 'nativescript-dev-android-snapshot': '^0.*.*' },
21 silly publish   readme: '# NativeScript Tutorial JavaScript Template\n\nThis repo serves as the starting point for NativeScript’s [JavaScript Getting Started Guide](https://docs.nativescript.org/tutorial/chapter-0).\n\nPlease file any issues with this template on the [NativeScript/docs repository](https://github.com/nativescript/docs), which is where the tutorial content lives.',
21 silly publish   readmeFilename: 'README.md',
21 silly publish   gitHead: '1659becc52402e2a34ccf4f2fd30ddd10d79fe3a',
21 silly publish   bugs: { url: 'https://github.com/tjvantoll/nativescript-template-tutorial/issues' },
21 silly publish   homepage: 'https://github.com/tjvantoll/nativescript-template-tutorial#readme',
21 silly publish   _id: 'nativescript-template-tutorial@0.1.1',
21 silly publish   scripts: {},
21 silly publish   _shasum: 'e9aae280cd69a7e18316bb2cf9ce40af09f70ffc',
21 silly publish   _from: '.' }
22 verbose getPublishConfig undefined
23 silly mapToRegistry name nativescript-template-tutorial
24 silly mapToRegistry using default registry
25 silly mapToRegistry registry https://registry.npmjs.org/
26 silly mapToRegistry data Result {
26 silly mapToRegistry   raw: 'nativescript-template-tutorial',
26 silly mapToRegistry   scope: null,
26 silly mapToRegistry   escapedName: 'nativescript-template-tutorial',
26 silly mapToRegistry   name: 'nativescript-template-tutorial',
26 silly mapToRegistry   rawSpec: '',
26 silly mapToRegistry   spec: 'latest',
26 silly mapToRegistry   type: 'tag' }
27 silly mapToRegistry uri https://registry.npmjs.org/nativescript-template-tutorial
28 verbose publish registryBase https://registry.npmjs.org/
29 silly publish uploading /Users/tj/.npm/nativescript-template-tutorial/0.1.1/package.tgz
30 verbose request uri https://registry.npmjs.org/nativescript-template-tutorial
31 verbose request sending authorization for write operation
32 info attempt registry request try #1 at 8:57:04 AM
33 verbose request id 3117cb15089d4379
34 http request PUT https://registry.npmjs.org/nativescript-template-tutorial
35 http 403 https://registry.npmjs.org/nativescript-template-tutorial
36 verbose headers { 'content-type': 'application/json',
36 verbose headers   'cache-control': 'max-age=300',
36 verbose headers   'content-length': '95',
36 verbose headers   'accept-ranges': 'bytes',
36 verbose headers   date: 'Wed, 01 Feb 2017 13:57:07 GMT',
36 verbose headers   via: '1.1 varnish',
36 verbose headers   connection: 'keep-alive',
36 verbose headers   'x-served-by': 'cache-ord1744-ORD',
36 verbose headers   'x-cache': 'MISS',
36 verbose headers   'x-cache-hits': '0',
36 verbose headers   'x-timer': 'S1485957426.107083,VS0,VE950',
36 verbose headers   vary: 'Accept-Encoding' }
37 verbose request invalidating /Users/tj/.npm/registry.npmjs.org/nativescript-template-tutorial on PUT
38 error publish Failed PUT 403
39 verbose stack Error: "You cannot publish over the previously published version 0.1.1." : nativescript-template-tutorial
39 verbose stack     at makeError (/usr/local/lib/node_modules/npm/node_modules/npm-registry-client/lib/request.js:302:12)
39 verbose stack     at CachingRegistryClient.<anonymous> (/usr/local/lib/node_modules/npm/node_modules/npm-registry-client/lib/request.js:290:14)
39 verbose stack     at Request._callback (/usr/local/lib/node_modules/npm/node_modules/npm-registry-client/lib/request.js:210:14)
39 verbose stack     at Request.self.callback (/usr/local/lib/node_modules/npm/node_modules/request/request.js:187:22)
39 verbose stack     at emitTwo (events.js:106:13)
39 verbose stack     at Request.emit (events.js:191:7)
39 verbose stack     at Request.<anonymous> (/usr/local/lib/node_modules/npm/node_modules/request/request.js:1044:10)
39 verbose stack     at emitOne (events.js:96:13)
39 verbose stack     at Request.emit (events.js:188:7)
39 verbose stack     at IncomingMessage.<anonymous> (/usr/local/lib/node_modules/npm/node_modules/request/request.js:965:12)
40 verbose statusCode 403
41 verbose pkgid nativescript-template-tutorial
42 verbose cwd /Users/tj/dev/nativescript/templates/nativescript-template-tutorial
43 error Darwin 16.4.0
44 error argv "/usr/local/Cellar/node@6/6.9.1/bin/node" "/usr/local/bin/npm" "publish"
45 error node v6.9.1
46 error npm  v3.10.8
47 error code E403
48 error "You cannot publish over the previously published version 0.1.1." : nativescript-template-tutorial
49 error If you need help, you may report this error at:
49 error     <https://github.com/npm/npm/issues>
50 verbose exit [ 1, true ]
